node.exe : Retrieving projectÔÇª
In C:\Users\info\AppData\Roaming\npm\vercel.ps1:24 Zeichen:5
+     & "node$exe"  "$basedir/node_modules/vercel/dist/vc.js" $args
+     ~~~~~~~~~~~~~~~~~~~~~~~~~~~~~~~~~~~~~~~~~~~~~~~~~~~~~~~~~~~~~
    + CategoryInfo          : NotSpecified: (Retrieving projectÔÇª:String) [], RemoteException
    + FullyQualifiedErrorId : NativeCommandError
 
Fetching logs...
TIME         HOST                                 LEVEL                                     
00:29:30.53  gloria.agentur-duic-sprockhoevel.de  info   ╬Á POST /api/twilio/voice/process   

00:29:21.19  gloria.agentur-duic-sprockhoevel.de  info   ╬Á GET /api/twilio/audio            

00:29:20.10  gloria.agentur-duic-sprockhoevel.de  info   ╬Á POST /api/twilio/voice/process   

00:29:12.77  gloria.agentur-duic-sprockhoevel.de  info     GET /api/twilio/audio            
{"level":"info","message":"audio.stream_ready","timestamp":"2026-04-22T22:29:13.683Z","latencyMs":860}

00:29:11.61  gloria.agentur-duic-sprockhoevel.de  info     POST /api/calls/webhook          

00:29:11.55  gloria.agentur-duic-sprockhoevel.de  info   ╬Á POST /api/twilio/voice/process   
[twilio] / status=200

00:29:03.69  gloria.agentur-duic-sprockhoevel.de  info     POST /api/calls/webhook          

00:29:03.61  gloria.agentur-duic-sprockhoevel.de  info   ╬Á GET /api/twilio/audio            
{"level":"info","message":"audio.stream_ready","timestamp":"2026-04-22T22:29:04.589Z","latencyMs":893}

00:29:02.47  gloria.agentur-duic-sprockhoevel.de  info     POST /api/calls/webhook          

00:29:02.40  gloria.agentur-duic-sprockhoevel.de  info     POST /api/calls/webhook          

00:29:02.35  gloria.agentur-duic-sprockhoevel.de  info     POST /api/twilio/voice/process   
[twilio] / status=200

00:28:59.41  gloria.agentur-duic-sprockhoevel.de  info     POST /api/twilio/voice/process   
[twilio] / status=200

00:28:42.82  gloria.agentur-duic-sprockhoevel.de  info     POST /api/calls/webhook          

00:28:42.67  gloria.agentur-duic-sprockhoevel.de  info     GET /api/twilio/audio            
{"level":"info","message":"audio.stream_ready","timestamp":"2026-04-22T22:28:44.425Z","latencyMs":1544}

00:28:42.50  gloria.agentur-duic-sprockhoevel.de  info     POST /api/calls/webhook          

00:28:38.40  gloria.agentur-duic-sprockhoevel.de  error    GET /api/twilio/playbooks        
(node:4) Warning: SECURITY WARNING: The SSL modes 'prefer', 'require', and 'verify-ca' are treated as aliases for 'verify-full'. In the next major 
version (pg-connection-string v3.0.0 and pg v9.0.0), these modes will adopt standard libpq semantics, which have weaker security guarantees.  To 
prepare for this change: - If you want the current behavior, explicitly use 'sslmode=verify-full' - If you want libpq compatibility now, use 
'uselibpqcompat=true&sslmode=require'  See https://www.postgresql.org/docs/current/libpq-ssl.html for libpq SSL mode definitions.

00:28:37.83  gloria.agentur-duic-sprockhoevel.de  info     POST /api/twilio/voice/process   
{"level":"info","message":"voice.initial_greeting_classified","timestamp":"2026-04-22T22:28:42.487Z","callSid":"CA7de0984202559fc859892986f2d461a0","h
eardText":"Musterbau GmbH. Mein Name ist Einen. Guten Tag.","detectedRole":"gatekeeper"}
[twilio] / status=200

00:28:32.56  gloria.agentur-duic-sprockhoevel.de  info   ╬Á POST /api/twilio/voice           

00:28:32.50  gloria.agentur-duic-sprockhoevel.de  info   ╬Á POST /api/twilio/status          

00:28:30.19  gloria.agentur-duic-sprockhoevel.de  info   ╬Á POST /api/twilio/status          

00:28:29.55  gloria.agentur-duic-sprockhoevel.de  info   ╬Á POST /api/twilio/status          

00:28:29.05  gloria.agentur-duic-sprockhoevel.de  info     GET /api/twilio/playbooks        

00:28:27.68  gloria.agentur-duic-sprockhoevel.de  info   ╬╗ GET /api/twilio/playbooks        

00:28:27.13  gloria.agentur-duic-sprockhoevel.de  info     POST /api/twilio/test-call       

00:28:26.32  gloria.agentur-duic-sprockhoevel.de  info     GET /api/admin/phone-numbers     

00:28:22.15  gloria.agentur-duic-sprockhoevel.de  error    POST /api/auth/login             
(node:4) Warning: SECURITY WARNING: The SSL modes 'prefer', 'require', and 'verify-ca' are treated as aliases for 'verify-full'. In the next major 
version (pg-connection-string v3.0.0 and pg v9.0.0), these modes will adopt standard libpq semantics, which have weaker security guarantees.  To 
prepare for this change: - If you want the current behavior, explicitly use 'sslmode=verify-full' - If you want libpq compatibility now, use 
'uselibpqcompat=true&sslmode=require'  See https://www.postgresql.org/docs/current/libpq-ssl.html for libpq SSL mode definitions.

00:25:22.30  gloria.agentur-duic-sprockhoevel.de  info     GET /api/twilio/playbooks        

00:25:22.26  gloria.agentur-duic-sprockhoevel.de  info     GET /api/twilio/playbooks        

00:25:22.22  gloria.agentur-duic-sprockhoevel.de  error    GET /api/twilio/playbooks        
(node:4) Warning: SECURITY WARNING: The SSL modes 'prefer', 'require', and 'verify-ca' are treated as aliases for 'verify-full'. In the next major 
version (pg-connection-string v3.0.0 and pg v9.0.0), these modes will adopt standard libpq semantics, which have weaker security guarantees.  To 
prepare for this change: - If you want the current behavior, explicitly use 'sslmode=verify-full' - If you want libpq compatibility now, use 
'uselibpqcompat=true&sslmode=require'  See https://www.postgresql.org/docs/current/libpq-ssl.html for libpq SSL mode definitions.

00:25:22.21  gloria.agentur-duic-sprockhoevel.de  error    GET /api/twilio/playbooks        
(node:4) Warning: SECURITY WARNING: The SSL modes 'prefer', 'require', and 'verify-ca' are treated as aliases for 'verify-full'. In the next major 
version (pg-connection-string v3.0.0 and pg v9.0.0), these modes will adopt standard libpq semantics, which have weaker security guarantees.  To 
prepare for this change: - If you want the current behavior, explicitly use 'sslmode=verify-full' - If you want libpq compatibility now, use 
'uselibpqcompat=true&sslmode=require'  See https://www.postgresql.org/docs/current/libpq-ssl.html for libpq SSL mode definitions.

00:25:22.06  gloria.agentur-duic-sprockhoevel.de  info     GET /api/twilio/playbooks        

Fetched 31 logs for matthiasduics-projects/gloria-ki-assistant on branch main
